<?xml version="1.0" encoding="UTF-8"?>
<!-- Generated by org.testng.reporters.JUnitXMLReporter -->
<testsuite hostname="DESKTOP-OK8I0UH" tests="4" failures="0" timestamp="22 Mar 2021 18:31:27 GMT" time="0.97" errors="0">
  <testcase name="Login" time="0.919" classname="TestCase_No1"/>
  <testcase name="TestCase2" time="0.001" classname="TestCase_No1"/>
  <testcase name="TestCase3" time="0.001" classname="TestCase_No1"/>
  <testcase name="TestCase4" time="0.002" classname="TestCase_No1"/>
</testsuite>
