<?xml version="1.0" encoding="UTF-8"?>
<!-- Generated by org.testng.reporters.JUnitXMLReporter -->
<testsuite hostname="DESKTOP-OK8I0UH" name="Test" tests="4" failures="4" timestamp="12 Apr 2021 19:04:38 GMT" time="1.12" errors="0">
  <testcase name="Login" time="0.004" classname="com.SwagDemo.Test.TestCase_No1">
    <failure type="java.lang.RuntimeException">
      <![CDATA[java.lang.RuntimeException
... Removed 29 stack frames]]>
    </failure>
  </testcase> <!-- Login -->
  <testcase name="TestCase2" time="0.003" classname="com.SwagDemo.Test.TestCase_No1">
    <failure type="java.lang.RuntimeException">
      <![CDATA[java.lang.RuntimeException
... Removed 29 stack frames]]>
    </failure>
  </testcase> <!-- TestCase2 -->
  <testcase name="TestCase3" time="0.001" classname="com.SwagDemo.Test.TestCase_No1">
    <failure type="java.lang.RuntimeException">
      <![CDATA[java.lang.RuntimeException
... Removed 29 stack frames]]>
    </failure>
  </testcase> <!-- TestCase3 -->
  <testcase name="TestCase4" time="0.001" classname="com.SwagDemo.Test.TestCase_No1">
    <failure type="java.lang.RuntimeException">
      <![CDATA[java.lang.RuntimeException
... Removed 29 stack frames]]>
    </failure>
  </testcase> <!-- TestCase4 -->
</testsuite> <!-- Test -->
