<?xml version="1.0" encoding="UTF-8"?>
<testng-results skipped="0" failed="0" total="4" passed="4">
  <reporter-output>
  </reporter-output>
  <suite name="SwagDemo" duration-ms="1340" started-at="2021-05-04T16:19:39Z" finished-at="2021-05-04T16:19:40Z">
    <groups>
    </groups>
    <test name="Test" duration-ms="1340" started-at="2021-05-04T16:19:39Z" finished-at="2021-05-04T16:19:40Z">
      <class name="com.SwagDemo.Test.TestCase_No1">
        <test-method status="PASS" signature="startup(org.testng.ITestContext)[pri:0, instance:com.SwagDemo.Test.TestCase_No1@53b32d7]" name="startup" is-config="true" duration-ms="7349" started-at="2021-05-04T21:49:31Z" finished-at="2021-05-04T21:49:39Z">
          <params>
            <param index="0">
              <value>
                <![CDATA[org.testng.TestRunner@7a1a14a4]]>
              </value>
            </param>
          </params>
          <reporter-output>
          </reporter-output>
        </test-method> <!-- startup -->
        <test-method status="PASS" signature="TestCase1()[pri:0, instance:com.SwagDemo.Test.TestCase_No1@53b32d7]" name="TestCase1" duration-ms="1031" started-at="2021-05-04T21:49:39Z" finished-at="2021-05-04T21:49:40Z">
          <reporter-output>
          </reporter-output>
        </test-method> <!-- TestCase1 -->
        <test-method status="PASS" signature="methodName(java.lang.reflect.Method)[pri:0, instance:com.SwagDemo.Test.TestCase_No1@53b32d7]" name="methodName" is-config="true" duration-ms="0" started-at="2021-05-04T21:49:39Z" finished-at="2021-05-04T21:49:39Z">
          <params>
            <param index="0">
              <value>
                <![CDATA[public void com.SwagDemo.Test.TestCase_No1.TestCase1()]]>
              </value>
            </param>
          </params>
          <reporter-output>
          </reporter-output>
        </test-method> <!-- methodName -->
        <test-method status="PASS" signature="TestCase2()[pri:0, instance:com.SwagDemo.Test.TestCase_No1@53b32d7]" name="TestCase2" duration-ms="1" started-at="2021-05-04T21:49:40Z" finished-at="2021-05-04T21:49:40Z">
          <reporter-output>
          </reporter-output>
        </test-method> <!-- TestCase2 -->
        <test-method status="PASS" signature="methodName(java.lang.reflect.Method)[pri:0, instance:com.SwagDemo.Test.TestCase_No1@53b32d7]" name="methodName" is-config="true" duration-ms="0" started-at="2021-05-04T21:49:40Z" finished-at="2021-05-04T21:49:40Z">
          <params>
            <param index="0">
              <value>
                <![CDATA[public void com.SwagDemo.Test.TestCase_No1.TestCase2()]]>
              </value>
            </param>
          </params>
          <reporter-output>
          </reporter-output>
        </test-method> <!-- methodName -->
        <test-method status="PASS" signature="methodName(java.lang.reflect.Method)[pri:0, instance:com.SwagDemo.Test.TestCase_No1@53b32d7]" name="methodName" is-config="true" duration-ms="1" started-at="2021-05-04T21:49:40Z" finished-at="2021-05-04T21:49:40Z">
          <params>
            <param index="0">
              <value>
                <![CDATA[public void com.SwagDemo.Test.TestCase_No1.TestCase3()]]>
              </value>
            </param>
          </params>
          <reporter-output>
          </reporter-output>
        </test-method> <!-- methodName -->
        <test-method status="PASS" signature="TestCase3()[pri:0, instance:com.SwagDemo.Test.TestCase_No1@53b32d7]" name="TestCase3" duration-ms="3" started-at="2021-05-04T21:49:40Z" finished-at="2021-05-04T21:49:40Z">
          <reporter-output>
          </reporter-output>
        </test-method> <!-- TestCase3 -->
        <test-method status="PASS" signature="methodName(java.lang.reflect.Method)[pri:0, instance:com.SwagDemo.Test.TestCase_No1@53b32d7]" name="methodName" is-config="true" duration-ms="1" started-at="2021-05-04T21:49:40Z" finished-at="2021-05-04T21:49:40Z">
          <params>
            <param index="0">
              <value>
                <![CDATA[public void com.SwagDemo.Test.TestCase_No1.TestCase4()]]>
              </value>
            </param>
          </params>
          <reporter-output>
          </reporter-output>
        </test-method> <!-- methodName -->
        <test-method status="PASS" signature="TestCase4()[pri:0, instance:com.SwagDemo.Test.TestCase_No1@53b32d7]" name="TestCase4" duration-ms="1" started-at="2021-05-04T21:49:40Z" finished-at="2021-05-04T21:49:40Z">
          <reporter-output>
          </reporter-output>
        </test-method> <!-- TestCase4 -->
        <test-method status="PASS" signature="TearDown()[pri:0, instance:com.SwagDemo.Test.TestCase_No1@53b32d7]" name="TearDown" is-config="true" duration-ms="712" started-at="2021-05-04T21:49:40Z" finished-at="2021-05-04T21:49:41Z">
          <reporter-output>
          </reporter-output>
        </test-method> <!-- TearDown -->
      </class> <!-- com.SwagDemo.Test.TestCase_No1 -->
    </test> <!-- Test -->
  </suite> <!-- SwagDemo -->
</testng-results>
